<?xml version="1.0" encoding="UTF-8"?>
<!-- Generated by org.testng.reporters.JUnitXMLReporter -->
<testsuite hostname="NTISHTCD13" ignored="0" name="Test" tests="2" failures="1" timestamp="02 May 2019 10:02:58 GMT" time="352.347" errors="0">
  <testcase name="runScenario" time="56.183" classname="com.ePortal.TestRunner"/>
  <testcase name="runScenario" time="294.921" classname="com.ePortal.TestRunner">
    <failure type="com.ePortal.utilities.MyOwnException" message="Unable To login to the Rating Infoapplication 
UNABLE TO CLICK ON SPECIFIED WEBELEMENT(Proxy element for: DefaultElementLocator &amp;apos;By.linkText: Get Quote&amp;apos;)
UNABLE TO WAIT FOR (100) SECONDS UNTIL EXPECTED CONDITION(ELEMENT_VISIBLE) 
Expected condition failed: waiting for visibility of Proxy element for: DefaultElementLocator &amp;apos;By.linkText: Get Quote&amp;apos; (tried for 100 second(s) with 500 milliseconds interval)


">
      <![CDATA[com.ePortal.utilities.MyOwnException: Unable To login to the Rating Infoapplication 
UNABLE TO CLICK ON SPECIFIED WEBELEMENT(Proxy element for: DefaultElementLocator 'By.linkText: Get Quote')
UNABLE TO WAIT FOR (100) SECONDS UNTIL EXPECTED CONDITION(ELEMENT_VISIBLE) 
Expected condition failed: waiting for visibility of Proxy element for: DefaultElementLocator 'By.linkText: Get Quote' (tried for 100 second(s) with 500 milliseconds interval)



at com.ePortal.utilities.BaseClass.throwException(BaseClass.java:384)
at com.ePortal.global.pageObjects.TGQ_RatingInfo_Page.ratinginfo(TGQ_RatingInfo_Page.java:296)
at com.ePortal.stepDefinations.RatingInfoSteps.ratingInfo(RatingInfoSteps.java:28)
at ✽.Fill the mandatory fields in "Rating Info" tab(src/test/resources/features/C_TGQ_New_Quote.feature:10)
]]>
    </failure>
  </testcase> <!-- runScenario -->
</testsuite> <!-- Test -->
