<?xml version="1.0" encoding="UTF-8"?>
<!-- Generated by org.testng.reporters.JUnitXMLReporter -->
<testsuite hostname="NTISHTCD13" ignored="0" name="Test" tests="3" failures="0" timestamp="02 May 2019 15:07:10 GMT" time="1.86" errors="0">
  <testcase name="runScenario" time="0.836" classname="com.ePortal.TestRunner"/>
  <testcase name="runScenario" time="0.066" classname="com.ePortal.TestRunner"/>
  <testcase name="runScenario" time="0.044" classname="com.ePortal.TestRunner"/>
</testsuite> <!-- Test -->
