<?xml version="1.0" encoding="UTF-8"?>
<testng-results skipped="0" failed="1" total="1" passed="0">
  <reporter-output>
    <line>
      <![CDATA[<div "result">user get the Test data &quot;ePortal&quot; and &quot;Application 1&quot; type (PASSED : 0s)</div>]]>
    </line>
    <line>
      <![CDATA[<div "result">user launches &quot;ePortal&quot; URL (FAILED : 3s)</div>]]>
    </line>
    <line>
      <![CDATA[<div "result">user login to &quot;ePortal&quot; application (SKIPPED)</div>]]>
    </line>
    <line>
      <![CDATA[<div "result">user logout from &quot;ePortal&quot; (SKIPPED)</div>]]>
    </line>
    <line>
      <![CDATA[<div "result">user quits the browser (SKIPPED)</div>]]>
    </line>
  </reporter-output>
  <suite name="Suite" duration-ms="5486" started-at="2019-04-29T10:11:06Z" finished-at="2019-04-29T10:11:11Z">
    <groups>
      <group name="cucumber">
        <method signature="TestRunner.runScenario(cucumber.api.testng.PickleEventWrapper, cucumber.api.testng.CucumberFeatureWrapper)[pri:0, instance:com.ePortal.TestRunner@27ae2fd0]" name="runScenario" class="com.ePortal.TestRunner"/>
      </group> <!-- cucumber -->
    </groups>
    <test name="Test" duration-ms="5486" started-at="2019-04-29T10:11:06Z" finished-at="2019-04-29T10:11:11Z">
      <class name="com.ePortal.TestRunner">
        <test-method status="PASS" signature="setUpClass()[pri:0, instance:com.ePortal.TestRunner@27ae2fd0]" name="setUpClass" is-config="true" duration-ms="1078" started-at="2019-04-29T15:41:06Z" finished-at="2019-04-29T15:41:07Z">
          <reporter-output>
          </reporter-output>
        </test-method> <!-- setUpClass -->
        <test-method status="FAIL" signature="runScenario(cucumber.api.testng.PickleEventWrapper, cucumber.api.testng.CucumberFeatureWrapper)[pri:0, instance:com.ePortal.TestRunner@27ae2fd0]" name="runScenario" duration-ms="4217" started-at="2019-04-29T15:41:07Z" description="Runs Cucumber Scenarios" data-provider="scenarios" finished-at="2019-04-29T15:41:11Z">
          <params>
            <param index="0">
              <value>
                <![CDATA["Login to ePortal"]]>
              </value>
            </param>
            <param index="1">
              <value>
                <![CDATA["Login to ePortal application"]]>
              </value>
            </param>
          </params>
          <exception class="java.lang.NullPointerException">
            <message>
              <![CDATA[null value in entry: url=null]]>
            </message>
            <full-stacktrace>
              <![CDATA[java.lang.NullPointerException: null value in entry: url=null
	at com.google.common.collect.CollectPreconditions.checkEntryNotNull(CollectPreconditions.java:32)
	at com.google.common.collect.SingletonImmutableBiMap.<init>(SingletonImmutableBiMap.java:42)
	at com.google.common.collect.ImmutableBiMap.of(ImmutableBiMap.java:72)
	at com.google.common.collect.ImmutableMap.of(ImmutableMap.java:124)
	at org.openqa.selenium.remote.RemoteWebDriver.get(RemoteWebDriver.java:276)
	at org.openqa.selenium.remote.RemoteWebDriver$RemoteNavigation.to(RemoteWebDriver.java:853)
	at com.ePortal.utilities.BaseClass.initialization(BaseClass.java:155)
	at com.ePortal.stepDefinations.CommonSteps.launchUrl(CommonSteps.java:50)
	at ✽.user launches "ePortal" URL(src/test/resources/features/ePortal_PoC.feature:8)
]]>
            </full-stacktrace>
          </exception> <!-- java.lang.NullPointerException -->
          <reporter-output>
            <line>
              <![CDATA[<div "result">user get the Test data &quot;ePortal&quot; and &quot;Application 1&quot; type (PASSED : 0s)</div>]]>
            </line>
            <line>
              <![CDATA[<div "result">user launches &quot;ePortal&quot; URL (FAILED : 3s)</div>]]>
            </line>
            <line>
              <![CDATA[<div "result">user login to &quot;ePortal&quot; application (SKIPPED)</div>]]>
            </line>
            <line>
              <![CDATA[<div "result">user logout from &quot;ePortal&quot; (SKIPPED)</div>]]>
            </line>
            <line>
              <![CDATA[<div "result">user quits the browser (SKIPPED)</div>]]>
            </line>
          </reporter-output>
        </test-method> <!-- runScenario -->
        <test-method status="PASS" signature="tearDownClass()[pri:0, instance:com.ePortal.TestRunner@27ae2fd0]" name="tearDownClass" is-config="true" duration-ms="26" started-at="2019-04-29T15:41:11Z" finished-at="2019-04-29T15:41:11Z">
          <reporter-output>
          </reporter-output>
        </test-method> <!-- tearDownClass -->
      </class> <!-- com.ePortal.TestRunner -->
    </test> <!-- Test -->
  </suite> <!-- Suite -->
</testng-results>
