<?xml version="1.0" encoding="UTF-8"?>
<!-- Generated by org.testng.reporters.JUnitReportReporter -->
<testsuite hostname="NTISHTCD13" name="com.ePortal.TestRunner" tests="1" failures="0" timestamp="29 Apr 2019 10:11:11 GMT" time="4.217" errors="1">
  <testcase name="runScenario" time="4.217" classname="com.ePortal.TestRunner">
    <error type="java.lang.NullPointerException" message="null value in entry: url=null">
      <![CDATA[java.lang.NullPointerException: null value in entry: url=null
	at com.google.common.collect.CollectPreconditions.checkEntryNotNull(CollectPreconditions.java:32)
	at com.google.common.collect.SingletonImmutableBiMap.<init>(SingletonImmutableBiMap.java:42)
	at com.google.common.collect.ImmutableBiMap.of(ImmutableBiMap.java:72)
	at com.google.common.collect.ImmutableMap.of(ImmutableMap.java:124)
	at org.openqa.selenium.remote.RemoteWebDriver.get(RemoteWebDriver.java:276)
	at org.openqa.selenium.remote.RemoteWebDriver$RemoteNavigation.to(RemoteWebDriver.java:853)
	at com.ePortal.utilities.BaseClass.initialization(BaseClass.java:155)
	at com.ePortal.stepDefinations.CommonSteps.launchUrl(CommonSteps.java:50)
	at ✽.user launches "ePortal" URL(src/test/resources/features/ePortal_PoC.feature:8)
]]>
    </error>
  </testcase> <!-- runScenario -->
</testsuite> <!-- com.ePortal.TestRunner -->
