<?xml version="1.0" encoding="UTF-8"?>
<testng-results skipped="0" failed="0" ignored="0" total="3" passed="3">
  <reporter-output>
    <line>
      <![CDATA[<div "result">user get the Test data &quot;TGQ&quot; and &quot;TC001&quot; type (PASSED : 0s)</div>]]>
    </line>
    <line>
      <![CDATA[<div "result">user get the Test data &quot;TGQ&quot; and &quot;TC002&quot; type (PASSED : 0s)</div>]]>
    </line>
    <line>
      <![CDATA[<div "result">user get the Test data &quot;TGQ&quot; and &quot;TC003&quot; type (PASSED : 0s)</div>]]>
    </line>
  </reporter-output>
  <suite name="Suite" duration-ms="1860" started-at="2019-05-02T15:07:08Z" finished-at="2019-05-02T15:07:10Z">
    <groups>
      <group name="cucumber">
        <method signature="TestRunner.runScenario(cucumber.api.testng.PickleEventWrapper, cucumber.api.testng.CucumberFeatureWrapper)[pri:0, instance:com.ePortal.TestRunner@6c6cb480]" name="runScenario" class="com.ePortal.TestRunner"/>
      </group> <!-- cucumber -->
    </groups>
    <test name="Test" duration-ms="1860" started-at="2019-05-02T15:07:08Z" finished-at="2019-05-02T15:07:10Z">
      <class name="com.ePortal.TestRunner">
        <test-method status="PASS" signature="setUpClass()[pri:0, instance:com.ePortal.TestRunner@6c6cb480]" name="setUpClass" is-config="true" duration-ms="642" started-at="2019-05-02T15:07:08Z" finished-at="2019-05-02T15:07:09Z">
          <reporter-output>
          </reporter-output>
        </test-method> <!-- setUpClass -->
        <test-method status="PASS" signature="runScenario(cucumber.api.testng.PickleEventWrapper, cucumber.api.testng.CucumberFeatureWrapper)[pri:0, instance:com.ePortal.TestRunner@6c6cb480]" name="runScenario" duration-ms="836" started-at="2019-05-02T15:07:09Z" description="Runs Cucumber Scenarios" data-provider="scenarios" finished-at="2019-05-02T15:07:10Z">
          <params>
            <param index="0">
              <value>
                <![CDATA["TGQ New Quote  As Agent"]]>
              </value>
            </param>
            <param index="1">
              <value>
                <![CDATA["New Quote in TGQ Application"]]>
              </value>
            </param>
          </params>
          <reporter-output>
            <line>
              <![CDATA[<div "result">user get the Test data &quot;TGQ&quot; and &quot;TC001&quot; type (PASSED : 0s)</div>]]>
            </line>
          </reporter-output>
        </test-method> <!-- runScenario -->
        <test-method status="PASS" signature="runScenario(cucumber.api.testng.PickleEventWrapper, cucumber.api.testng.CucumberFeatureWrapper)[pri:0, instance:com.ePortal.TestRunner@6c6cb480]" name="runScenario" duration-ms="66" started-at="2019-05-02T15:07:10Z" description="Runs Cucumber Scenarios" data-provider="scenarios" finished-at="2019-05-02T15:07:10Z">
          <params>
            <param index="0">
              <value>
                <![CDATA["TGQ New Quote  As Agent"]]>
              </value>
            </param>
            <param index="1">
              <value>
                <![CDATA["New Quote in TGQ Application"]]>
              </value>
            </param>
          </params>
          <reporter-output>
            <line>
              <![CDATA[<div "result">user get the Test data &quot;TGQ&quot; and &quot;TC002&quot; type (PASSED : 0s)</div>]]>
            </line>
          </reporter-output>
        </test-method> <!-- runScenario -->
        <test-method status="PASS" signature="runScenario(cucumber.api.testng.PickleEventWrapper, cucumber.api.testng.CucumberFeatureWrapper)[pri:0, instance:com.ePortal.TestRunner@6c6cb480]" name="runScenario" duration-ms="44" started-at="2019-05-02T15:07:10Z" description="Runs Cucumber Scenarios" data-provider="scenarios" finished-at="2019-05-02T15:07:10Z">
          <params>
            <param index="0">
              <value>
                <![CDATA["TGQ New Quote  As Agent"]]>
              </value>
            </param>
            <param index="1">
              <value>
                <![CDATA["New Quote in TGQ Application"]]>
              </value>
            </param>
          </params>
          <reporter-output>
            <line>
              <![CDATA[<div "result">user get the Test data &quot;TGQ&quot; and &quot;TC003&quot; type (PASSED : 0s)</div>]]>
            </line>
          </reporter-output>
        </test-method> <!-- runScenario -->
        <test-method status="PASS" signature="tearDownClass()[pri:0, instance:com.ePortal.TestRunner@6c6cb480]" name="tearDownClass" is-config="true" duration-ms="79" started-at="2019-05-02T15:07:10Z" finished-at="2019-05-02T15:07:10Z">
          <reporter-output>
          </reporter-output>
        </test-method> <!-- tearDownClass -->
      </class> <!-- com.ePortal.TestRunner -->
    </test> <!-- Test -->
  </suite> <!-- Suite -->
</testng-results>
